#-----------------------------------------------------------
# Vivado v2021.2 (64-bit)
# SW Build 3367213 on Tue Oct 19 02:48:09 MDT 2021
# IP Build 3369179 on Thu Oct 21 08:25:16 MDT 2021
# Start of session at: Thu Jan  6 17:23:52 2022
# Process ID: 7276
# Current directory: C:/Users/AirCoder/Desktop/yinjian/add52/no6_yes/no6bug/no6bug/step_into_mips-lab_4/lab_4/lab_4
# Command line: vivado.exe -gui_launcher_event rodinguilauncherevent8772 C:\Users\AirCoder\Desktop\yinjian\add52\no6_yes\no6bug\no6bug\step_into_mips-lab_4\lab_4\lab_4\lab_4.xpr
# Log file: C:/Users/AirCoder/Desktop/yinjian/add52/no6_yes/no6bug/no6bug/step_into_mips-lab_4/lab_4/lab_4/vivado.log
# Journal file: C:/Users/AirCoder/Desktop/yinjian/add52/no6_yes/no6bug/no6bug/step_into_mips-lab_4/lab_4/lab_4\vivado.jou
# Running On: LAPTOP-AEPGRI6M, OS: Windows, CPU Frequency: 2894 MHz, CPU Physical cores: 16, Host memory: 16505 MB
#-----------------------------------------------------------
start_gui
open_project C:/Users/AirCoder/Desktop/yinjian/add52/no6_yes/no6bug/no6bug/step_into_mips-lab_4/lab_4/lab_4/lab_4.xpr
INFO: [ProjectBase 1-489] The host OS only allows 260 characters in a normal path. The project is stored in a path with more than 80 characters. If you experience issues with IP, Block Designs, or files not being found, please consider moving the project to a location with a shorter path. Alternately consider using the OS subst command to map part of the path to a drive letter.
Current project path is 'C:/Users/AirCoder/Desktop/yinjian/add52/no6_yes/no6bug/no6bug/step_into_mips-lab_4/lab_4/lab_4'
WARNING: [Board 49-26] cannot add Board Part xilinx.com:vck190_es:part0:1.3 available at D:/Xilinx/Vivado/2021.2/data/xhub/boards/XilinxBoardStore/boards/Xilinx/vck190/es/1.3/board.xml as part xcvc1902-vsva2197-2mp-e-s-es1 specified in board_part file is either invalid or not available
WARNING: [Board 49-26] cannot add Board Part xilinx.com:vmk180_es:part0:1.3 available at D:/Xilinx/Vivado/2021.2/data/xhub/boards/XilinxBoardStore/boards/Xilinx/vmk180/es/1.3/board.xml as part xcvm1802-vsva2197-2mp-e-s-es1 specified in board_part file is either invalid or not available
WARNING: [Board 49-26] cannot add Board Part xilinx.com:vpk120_es:part0:1.2 available at D:/Xilinx/Vivado/2021.2/data/xhub/boards/XilinxBoardStore/boards/Xilinx/vpk120/es/1.2/board.xml as part xcvp1202-vsva2785-2mp-e-s-es1 specified in board_part file is either invalid or not available
WARNING: [Board 49-26] cannot add Board Part xilinx.com:zcu208_es:part0:1.0 available at D:/Xilinx/Vivado/2021.2/data/xhub/boards/XilinxBoardStore/boards/Xilinx/zcu208/es/1.0/board.xml as part xczu48dr-fsvg1517-2-e-es1 specified in board_part file is either invalid or not available
WARNING: [Board 49-26] cannot add Board Part xilinx.com:zcu208_es:part0:1.1 available at D:/Xilinx/Vivado/2021.2/data/xhub/boards/XilinxBoardStore/boards/Xilinx/zcu208/es/1.1/board.xml as part xczu48dr-fsvg1517-2-e-es1 specified in board_part file is either invalid or not available
WARNING: [Board 49-26] cannot add Board Part xilinx.com:zcu208_es:part0:1.2 available at D:/Xilinx/Vivado/2021.2/data/xhub/boards/XilinxBoardStore/boards/Xilinx/zcu208/es/1.2/board.xml as part xczu48dr-fsvg1517-2-e-es1 specified in board_part file is either invalid or not available
WARNING: [Board 49-26] cannot add Board Part xilinx.com:zcu208ld:part0:2.0 available at D:/Xilinx/Vivado/2021.2/data/xhub/boards/XilinxBoardStore/boards/Xilinx/zcu208ld/production/2.0/board.xml as part xczu58dr-fsvg1517-2-i specified in board_part file is either invalid or not available
WARNING: [Board 49-26] cannot add Board Part xilinx.com:zcu208ld_es:part0:1.0 available at D:/Xilinx/Vivado/2021.2/data/xhub/boards/XilinxBoardStore/boards/Xilinx/zcu208ld/es/1.0/board.xml as part xczu58dr-fsvg1517-2-i-es1 specified in board_part file is either invalid or not available
WARNING: [Board 49-26] cannot add Board Part xilinx.com:zcu216_es:part0:1.0 available at D:/Xilinx/Vivado/2021.2/data/xhub/boards/XilinxBoardStore/boards/Xilinx/zcu216/es/1.0/board.xml as part xczu49dr-ffvf1760-2-e-es1 specified in board_part file is either invalid or not available
WARNING: [Board 49-26] cannot add Board Part xilinx.com:zcu216_es:part0:1.1 available at D:/Xilinx/Vivado/2021.2/data/xhub/boards/XilinxBoardStore/boards/Xilinx/zcu216/es/1.1/board.xml as part xczu49dr-ffvf1760-2-e-es1 specified in board_part file is either invalid or not available
WARNING: [Board 49-26] cannot add Board Part xilinx.com:zcu216_es:part0:1.2 available at D:/Xilinx/Vivado/2021.2/data/xhub/boards/XilinxBoardStore/boards/Xilinx/zcu216/es/1.2/board.xml as part xczu49dr-ffvf1760-2-e-es1 specified in board_part file is either invalid or not available
WARNING: [Board 49-26] cannot add Board Part xilinx.com:zcu216ld:part0:2.0 available at D:/Xilinx/Vivado/2021.2/data/xhub/boards/XilinxBoardStore/boards/Xilinx/zcu216ld/production/2.0/board.xml as part xczu59dr-ffvf1760-2-i specified in board_part file is either invalid or not available
WARNING: [Board 49-26] cannot add Board Part xilinx.com:zcu216ld_es:part0:1.0 available at D:/Xilinx/Vivado/2021.2/data/xhub/boards/XilinxBoardStore/boards/Xilinx/zcu216ld/es/1.0/board.xml as part xczu59dr-ffvf1760-2-i-es1 specified in board_part file is either invalid or not available
WARNING: [Board 49-26] cannot add Board Part xilinx.com:zcu670:part0:1.0 available at D:/Xilinx/Vivado/2021.2/data/xhub/boards/XilinxBoardStore/boards/Xilinx/zcu670/1.0/board.xml as part xczu67dr-fsve1156-2-i specified in board_part file is either invalid or not available
INFO: [Project 1-313] Project file moved from 'C:/Users/ASUS/Desktop/no6bug/no6bug/step_into_mips-lab_4/lab_4/lab_4' since last save.
CRITICAL WARNING: [Project 1-311] Could not find the file 'C:/Users/AirCoder/Desktop/yinjian/add52/no6_yes/yingjian/test/lab4/funcTest_independent/j_BTest/Test2/obj/inst_ram.coe', nor could it be found using path 'C:/Users/ASUS/Desktop/yingjian/test/lab4/funcTest_independent/j_BTest/Test2/obj/inst_ram.coe'.
CRITICAL WARNING: [Project 1-311] Could not find the file 'C:/Users/AirCoder/Desktop/yinjian/add52/no6_yes/yingjian/test/lab4/funcTest_independent/j_BTest/Test1/obj/inst_ram.coe', nor could it be found using path 'C:/Users/ASUS/Desktop/yingjian/test/lab4/funcTest_independent/j_BTest/Test1/obj/inst_ram.coe'.
Scanning sources...
Finished scanning sources
INFO: [Project 1-1877] Auto incremental dir location 'C:/Users/ASUS/Desktop/no6bug/no6bug/step_into_mips-lab_4/lab_4/lab_4/lab_4.srcs/utils_1/imports/synth_1' of run 'synth_1' is not writable, setting it to default location 'C:/Users/AirCoder/Desktop/yinjian/add52/no6_yes/no6bug/no6bug/step_into_mips-lab_4/lab_4/lab_4/lab_4.srcs/utils_1/imports/synth_1'.
INFO: [Project 1-1877] Auto incremental dir location 'C:/Users/ASUS/Desktop/no6bug/no6bug/step_into_mips-lab_4/lab_4/lab_4/lab_4.srcs/utils_1/imports/data_mem_synth_1' of run 'data_mem_synth_1' is not writable, setting it to default location 'C:/Users/AirCoder/Desktop/yinjian/add52/no6_yes/no6bug/no6bug/step_into_mips-lab_4/lab_4/lab_4/lab_4.srcs/utils_1/imports/data_mem_synth_1'.
INFO: [Project 1-1877] Auto incremental dir location 'C:/Users/ASUS/Desktop/no6bug/no6bug/step_into_mips-lab_4/lab_4/lab_4/lab_4.srcs/utils_1/imports/inst_mem_synth_1' of run 'inst_mem_synth_1' is not writable, setting it to default location 'C:/Users/AirCoder/Desktop/yinjian/add52/no6_yes/no6bug/no6bug/step_into_mips-lab_4/lab_4/lab_4/lab_4.srcs/utils_1/imports/inst_mem_synth_1'.
INFO: [Project 1-1877] Auto incremental dir location 'C:/Users/ASUS/Desktop/no6bug/no6bug/step_into_mips-lab_4/lab_4/lab_4/lab_4.srcs/utils_1/imports/impl_1' of run 'impl_1' is not writable, setting it to default location 'C:/Users/AirCoder/Desktop/yinjian/add52/no6_yes/no6bug/no6bug/step_into_mips-lab_4/lab_4/lab_4/lab_4.srcs/utils_1/imports/impl_1'.
INFO: [Project 1-1877] Auto incremental dir location 'C:/Users/ASUS/Desktop/no6bug/no6bug/step_into_mips-lab_4/lab_4/lab_4/lab_4.srcs/utils_1/imports/data_mem_impl_1' of run 'data_mem_impl_1' is not writable, setting it to default location 'C:/Users/AirCoder/Desktop/yinjian/add52/no6_yes/no6bug/no6bug/step_into_mips-lab_4/lab_4/lab_4/lab_4.srcs/utils_1/imports/data_mem_impl_1'.
INFO: [Project 1-1877] Auto incremental dir location 'C:/Users/ASUS/Desktop/no6bug/no6bug/step_into_mips-lab_4/lab_4/lab_4/lab_4.srcs/utils_1/imports/inst_mem_impl_1' of run 'inst_mem_impl_1' is not writable, setting it to default location 'C:/Users/AirCoder/Desktop/yinjian/add52/no6_yes/no6bug/no6bug/step_into_mips-lab_4/lab_4/lab_4/lab_4.srcs/utils_1/imports/inst_mem_impl_1'.
INFO: [IP_Flow 19-234] Refreshing IP repositories
INFO: [IP_Flow 19-1704] No user IP repositories specified
INFO: [IP_Flow 19-2313] Loaded Vivado IP repository 'D:/Xilinx/Vivado/2021.2/data/ip'.
open_project: Time (s): cpu = 00:00:16 ; elapsed = 00:00:07 . Memory (MB): peak = 1385.105 ; gain = 0.000
update_compile_order -fileset sources_1
WARNING: [IP_Flow 19-4067] Ignoring invalid widget type specified checkbox.Providing a default widget
WARNING: [IP_Flow 19-4067] Ignoring invalid widget type specified checkbox.Providing a default widget
INFO: [IP_Flow 19-3484] Absolute path of file 'c:/Users/AirCoder/Desktop/yinjian/add52/no6_yes/no6bug/no6bug/step_into_mips-lab_4/lab_4/coe/funcTest_independent/ArithmeticTest/obj/inst_ram.coe' provided. It will be converted relative to IP Instance files '../../../../../coe/funcTest_independent/ArithmeticTest/obj/inst_ram.coe'
set_property -dict [list CONFIG.Coe_File {C:/Users/AirCoder/Desktop/yinjian/add52/no6_yes/no6bug/no6bug/step_into_mips-lab_4/lab_4/coe/funcTest_independent/ArithmeticTest/obj/inst_ram.coe}] [get_ips inst_mem]
INFO: [IP_Flow 19-3484] Absolute path of file 'c:/Users/AirCoder/Desktop/yinjian/add52/no6_yes/no6bug/no6bug/step_into_mips-lab_4/lab_4/coe/funcTest_independent/ArithmeticTest/obj/inst_ram.coe' provided. It will be converted relative to IP Instance files '../../../../../coe/funcTest_independent/ArithmeticTest/obj/inst_ram.coe'
generate_target all [get_files  C:/Users/AirCoder/Desktop/yinjian/add52/no6_yes/no6bug/no6bug/step_into_mips-lab_4/lab_4/lab_4/lab_4.srcs/sources_1/ip/inst_mem_1/inst_mem.xci]
INFO: [IP_Flow 19-1686] Generating 'Instantiation Template' target for IP 'inst_mem'...
INFO: [IP_Flow 19-1686] Generating 'Synthesis' target for IP 'inst_mem'...
INFO: [IP_Flow 19-1686] Generating 'Simulation' target for IP 'inst_mem'...
INFO: [IP_Flow 19-1686] Generating 'Miscellaneous' target for IP 'inst_mem'...
INFO: [IP_Flow 19-1686] Generating 'Change Log' target for IP 'inst_mem'...
catch { config_ip_cache -export [get_ips -all inst_mem] }
INFO: [IP_Flow 19-4993] Using cached IP synthesis design for IP inst_mem, cache-ID = 1a53913b19e666c0; cache size = 1.386 MB.
catch { [ delete_ip_run [get_ips -all inst_mem] ] }
INFO: [Project 1-386] Moving file 'C:/Users/AirCoder/Desktop/yinjian/add52/no6_yes/no6bug/no6bug/step_into_mips-lab_4/lab_4/lab_4/lab_4.srcs/sources_1/ip/inst_mem_1/inst_mem.xci' from fileset 'inst_mem' to fileset 'sources_1'.
export_ip_user_files -of_objects [get_files C:/Users/AirCoder/Desktop/yinjian/add52/no6_yes/no6bug/no6bug/step_into_mips-lab_4/lab_4/lab_4/lab_4.srcs/sources_1/ip/inst_mem_1/inst_mem.xci] -no_script -sync -force -quiet
create_ip_run [get_files -of_objects [get_fileset sources_1] C:/Users/AirCoder/Desktop/yinjian/add52/no6_yes/no6bug/no6bug/step_into_mips-lab_4/lab_4/lab_4/lab_4.srcs/sources_1/ip/inst_mem_1/inst_mem.xci]
INFO: [Vivado 12-3453] The given sub-design is up-to-date, no action was taken.  If a run is still desired, use the '-force' option for the file:'C:/Users/AirCoder/Desktop/yinjian/add52/no6_yes/no6bug/no6bug/step_into_mips-lab_4/lab_4/lab_4/lab_4.srcs/sources_1/ip/inst_mem_1/inst_mem.xci'
export_simulation -of_objects [get_files C:/Users/AirCoder/Desktop/yinjian/add52/no6_yes/no6bug/no6bug/step_into_mips-lab_4/lab_4/lab_4/lab_4.srcs/sources_1/ip/inst_mem_1/inst_mem.xci] -directory C:/Users/AirCoder/Desktop/yinjian/add52/no6_yes/no6bug/no6bug/step_into_mips-lab_4/lab_4/lab_4/lab_4.ip_user_files/sim_scripts -ip_user_files_dir C:/Users/AirCoder/Desktop/yinjian/add52/no6_yes/no6bug/no6bug/step_into_mips-lab_4/lab_4/lab_4/lab_4.ip_user_files -ipstatic_source_dir C:/Users/AirCoder/Desktop/yinjian/add52/no6_yes/no6bug/no6bug/step_into_mips-lab_4/lab_4/lab_4/lab_4.ip_user_files/ipstatic -lib_map_path [list {modelsim=C:/Users/AirCoder/Desktop/yinjian/add52/no6_yes/no6bug/no6bug/step_into_mips-lab_4/lab_4/lab_4/lab_4.cache/compile_simlib/modelsim} {questa=C:/Users/AirCoder/Desktop/yinjian/add52/no6_yes/no6bug/no6bug/step_into_mips-lab_4/lab_4/lab_4/lab_4.cache/compile_simlib/questa} {riviera=C:/Users/AirCoder/Desktop/yinjian/add52/no6_yes/no6bug/no6bug/step_into_mips-lab_4/lab_4/lab_4/lab_4.cache/compile_simlib/riviera} {activehdl=C:/Users/AirCoder/Desktop/yinjian/add52/no6_yes/no6bug/no6bug/step_into_mips-lab_4/lab_4/lab_4/lab_4.cache/compile_simlib/activehdl}] -use_ip_compiled_libs -force -quiet
update_compile_order -fileset sources_1
launch_simulation
Command: launch_simulation 
INFO: [Vivado 12-12493] Simulation top is 'testbench'
WARNING: [Vivado 12-12986] Compiled library path does not exist: ''
INFO: [Vivado 12-5698] Checking validity of IPs in the design for the 'XSim' simulator...
INFO: [Runs 36-567] Checking/generating simulation output products for IPs/BDs (if any)...
INFO: [Vivado 12-5682] Launching behavioral simulation in 'C:/Users/AirCoder/Desktop/yinjian/add52/no6_yes/no6bug/no6bug/step_into_mips-lab_4/lab_4/lab_4/lab_4.sim/sim_1/behav/xsim'
INFO: [Vivado 12-4795] Using compiled simulation libraries for IPs
INFO: [SIM-utils-51] Simulation object is 'sim_1'
INFO: [SIM-utils-72] Using boost library from 'D:/Xilinx/Vivado/2021.2/tps/boost_1_72_0'
INFO: [USF-XSim-7] Finding pre-compiled libraries...
INFO: [USF-XSim-11] File 'D:/Xilinx/Vivado/2021.2/data/xsim/xsim.ini' copied to run dir:'C:/Users/AirCoder/Desktop/yinjian/add52/no6_yes/no6bug/no6bug/step_into_mips-lab_4/lab_4/lab_4/lab_4.sim/sim_1/behav/xsim'
INFO: [SIM-utils-54] Inspecting design source files for 'testbench' in fileset 'sim_1'...
INFO: [SIM-utils-43] Exported 'C:/Users/AirCoder/Desktop/yinjian/add52/no6_yes/no6bug/no6bug/step_into_mips-lab_4/lab_4/lab_4/lab_4.sim/sim_1/behav/xsim/inst_mem.mif'
INFO: [SIM-utils-43] Exported 'C:/Users/AirCoder/Desktop/yinjian/add52/no6_yes/no6bug/no6bug/step_into_mips-lab_4/lab_4/lab_4/lab_4.sim/sim_1/behav/xsim/inst_ram.coe'
INFO: [SIM-utils-43] Exported 'C:/Users/AirCoder/Desktop/yinjian/add52/no6_yes/no6bug/no6bug/step_into_mips-lab_4/lab_4/lab_4/lab_4.sim/sim_1/behav/xsim/mipstest.coe'
INFO: [SIM-utils-43] Exported 'C:/Users/AirCoder/Desktop/yinjian/add52/no6_yes/no6bug/no6bug/step_into_mips-lab_4/lab_4/lab_4/lab_4.sim/sim_1/behav/xsim/inst_ram.coe'
INFO: [SIM-utils-43] Exported 'C:/Users/AirCoder/Desktop/yinjian/add52/no6_yes/no6bug/no6bug/step_into_mips-lab_4/lab_4/lab_4/lab_4.sim/sim_1/behav/xsim/inst_ram.coe'
INFO: [SIM-utils-43] Exported 'C:/Users/AirCoder/Desktop/yinjian/add52/no6_yes/no6bug/no6bug/step_into_mips-lab_4/lab_4/lab_4/lab_4.sim/sim_1/behav/xsim/inst_ram.coe'
INFO: [SIM-utils-43] Exported 'C:/Users/AirCoder/Desktop/yinjian/add52/no6_yes/no6bug/no6bug/step_into_mips-lab_4/lab_4/lab_4/lab_4.sim/sim_1/behav/xsim/inst_ram.coe'
INFO: [SIM-utils-43] Exported 'C:/Users/AirCoder/Desktop/yinjian/add52/no6_yes/no6bug/no6bug/step_into_mips-lab_4/lab_4/lab_4/lab_4.sim/sim_1/behav/xsim/inst_ram.coe'
INFO: [SIM-utils-43] Exported 'C:/Users/AirCoder/Desktop/yinjian/add52/no6_yes/no6bug/no6bug/step_into_mips-lab_4/lab_4/lab_4/lab_4.sim/sim_1/behav/xsim/inst_ram.coe'
INFO: [SIM-utils-43] Exported 'C:/Users/AirCoder/Desktop/yinjian/add52/no6_yes/no6bug/no6bug/step_into_mips-lab_4/lab_4/lab_4/lab_4.sim/sim_1/behav/xsim/inst_ram.coe'
INFO: [USF-XSim-97] Finding global include files...
INFO: [USF-XSim-98] Fetching design files from 'sim_1'...
INFO: [USF-XSim-2] XSim::Compile design
INFO: [USF-XSim-61] Executing 'COMPILE and ANALYZE' step in 'C:/Users/AirCoder/Desktop/yinjian/add52/no6_yes/no6bug/no6bug/step_into_mips-lab_4/lab_4/lab_4/lab_4.sim/sim_1/behav/xsim'
"xvlog --incr --relax -prj testbench_vlog.prj"
INFO: [VRFC 10-2263] Analyzing Verilog file "C:/Users/AirCoder/Desktop/yinjian/add52/no6_yes/no6bug/no6bug/step_into_mips-lab_4/lab_4/lab_4/lab_4.srcs/sources_1/ip/data_mem_1/sim/data_mem.v" into library xil_defaultlib
INFO: [VRFC 10-311] analyzing module data_mem
INFO: [VRFC 10-2263] Analyzing Verilog file "C:/Users/AirCoder/Desktop/yinjian/add52/no6_yes/no6bug/no6bug/step_into_mips-lab_4/lab_4/lab_4/lab_4.srcs/sources_1/ip/inst_mem_1/sim/inst_mem.v" into library xil_defaultlib
INFO: [VRFC 10-311] analyzing module inst_mem
INFO: [VRFC 10-2263] Analyzing Verilog file "C:/Users/AirCoder/Desktop/yinjian/add52/no6_yes/no6bug/no6bug/step_into_mips-lab_4/lab_4/rtl/adder.v" into library xil_defaultlib
INFO: [VRFC 10-311] analyzing module adder
INFO: [VRFC 10-2263] Analyzing Verilog file "C:/Users/AirCoder/Desktop/yinjian/add52/no6_yes/no6bug/no6bug/step_into_mips-lab_4/lab_4/rtl/alu.v" into library xil_defaultlib
INFO: [VRFC 10-311] analyzing module alu
INFO: [VRFC 10-2263] Analyzing Verilog file "C:/Users/AirCoder/Desktop/yinjian/add52/no6_yes/no6bug/no6bug/step_into_mips-lab_4/lab_4/rtl/aludec.v" into library xil_defaultlib
INFO: [VRFC 10-311] analyzing module aludec
INFO: [VRFC 10-2263] Analyzing Verilog file "C:/Users/AirCoder/Desktop/yinjian/add52/no6_yes/no6bug/no6bug/step_into_mips-lab_4/lab_4/rtl/controller.v" into library xil_defaultlib
INFO: [VRFC 10-311] analyzing module controller
WARNING: [VRFC 10-3676] redeclaration of ansi port 'jumpE' is not allowed [C:/Users/AirCoder/Desktop/yinjian/add52/no6_yes/no6bug/no6bug/step_into_mips-lab_4/lab_4/rtl/controller.v:76]
INFO: [VRFC 10-2263] Analyzing Verilog file "C:/Users/AirCoder/Desktop/yinjian/add52/no6_yes/no6bug/no6bug/step_into_mips-lab_4/lab_4/rtl/datapath.v" into library xil_defaultlib
INFO: [VRFC 10-311] analyzing module datapath
WARNING: [VRFC 10-3676] redeclaration of ansi port 'balE' is not allowed [C:/Users/AirCoder/Desktop/yinjian/add52/no6_yes/no6bug/no6bug/step_into_mips-lab_4/lab_4/rtl/datapath.v:108]
INFO: [VRFC 10-2263] Analyzing Verilog file "C:/Users/AirCoder/Desktop/yinjian/add52/no6_yes/no6bug/no6bug/step_into_mips-lab_4/lab_4/lab_4/lab_4.srcs/sources_1/new/div.v" into library xil_defaultlib
INFO: [VRFC 10-311] analyzing module div
INFO: [VRFC 10-2263] Analyzing Verilog file "C:/Users/AirCoder/Desktop/yinjian/add52/no6_yes/no6bug/no6bug/step_into_mips-lab_4/lab_4/rtl/eqcmp.v" into library xil_defaultlib
INFO: [VRFC 10-311] analyzing module eqcmp
INFO: [VRFC 10-2263] Analyzing Verilog file "C:/Users/AirCoder/Desktop/yinjian/add52/no6_yes/no6bug/no6bug/step_into_mips-lab_4/lab_4/rtl/flopenr.v" into library xil_defaultlib
INFO: [VRFC 10-311] analyzing module flopenr
INFO: [VRFC 10-2263] Analyzing Verilog file "C:/Users/AirCoder/Desktop/yinjian/add52/no6_yes/no6bug/no6bug/step_into_mips-lab_4/lab_4/rtl/flopenrc.v" into library xil_defaultlib
INFO: [VRFC 10-311] analyzing module flopenrc
INFO: [VRFC 10-2263] Analyzing Verilog file "C:/Users/AirCoder/Desktop/yinjian/add52/no6_yes/no6bug/no6bug/step_into_mips-lab_4/lab_4/rtl/flopr.v" into library xil_defaultlib
INFO: [VRFC 10-311] analyzing module flopr
INFO: [VRFC 10-2263] Analyzing Verilog file "C:/Users/AirCoder/Desktop/yinjian/add52/no6_yes/no6bug/no6bug/step_into_mips-lab_4/lab_4/rtl/floprc.v" into library xil_defaultlib
INFO: [VRFC 10-311] analyzing module floprc
INFO: [VRFC 10-2263] Analyzing Verilog file "C:/Users/AirCoder/Desktop/yinjian/add52/no6_yes/no6bug/no6bug/step_into_mips-lab_4/lab_4/rtl/hazard.v" into library xil_defaultlib
INFO: [VRFC 10-311] analyzing module hazard
INFO: [VRFC 10-2458] undeclared symbol branchflushM, assumed default net type wire [C:/Users/AirCoder/Desktop/yinjian/add52/no6_yes/no6bug/no6bug/step_into_mips-lab_4/lab_4/rtl/hazard.v:131]
INFO: [VRFC 10-2263] Analyzing Verilog file "C:/Users/AirCoder/Desktop/yinjian/add52/no6_yes/no6bug/no6bug/step_into_mips-lab_4/lab_4/lab_4/lab_4.srcs/sources_1/new/hilo_reg.v" into library xil_defaultlib
INFO: [VRFC 10-311] analyzing module hilo_reg
INFO: [VRFC 10-2263] Analyzing Verilog file "C:/Users/AirCoder/Desktop/yinjian/add52/no6_yes/no6bug/no6bug/step_into_mips-lab_4/lab_4/lab_4/lab_4.srcs/sources_1/new/lsmem.v" into library xil_defaultlib
INFO: [VRFC 10-311] analyzing module lsmem
INFO: [VRFC 10-2263] Analyzing Verilog file "C:/Users/AirCoder/Desktop/yinjian/add52/no6_yes/no6bug/no6bug/step_into_mips-lab_4/lab_4/rtl/maindec.v" into library xil_defaultlib
INFO: [VRFC 10-311] analyzing module maindec
INFO: [VRFC 10-2263] Analyzing Verilog file "C:/Users/AirCoder/Desktop/yinjian/add52/no6_yes/no6bug/no6bug/step_into_mips-lab_4/lab_4/rtl/mips.v" into library xil_defaultlib
INFO: [VRFC 10-311] analyzing module mips
INFO: [VRFC 10-2263] Analyzing Verilog file "C:/Users/AirCoder/Desktop/yinjian/add52/no6_yes/no6bug/no6bug/step_into_mips-lab_4/lab_4/rtl/mux2.v" into library xil_defaultlib
INFO: [VRFC 10-311] analyzing module mux2
INFO: [VRFC 10-2263] Analyzing Verilog file "C:/Users/AirCoder/Desktop/yinjian/add52/no6_yes/no6bug/no6bug/step_into_mips-lab_4/lab_4/rtl/mux3.v" into library xil_defaultlib
INFO: [VRFC 10-311] analyzing module mux3
INFO: [VRFC 10-2263] Analyzing Verilog file "C:/Users/AirCoder/Desktop/yinjian/add52/no6_yes/no6bug/no6bug/step_into_mips-lab_4/lab_4/lab_4/lab_4.srcs/sources_1/new/mux4.v" into library xil_defaultlib
INFO: [VRFC 10-311] analyzing module mux4
INFO: [VRFC 10-2263] Analyzing Verilog file "C:/Users/AirCoder/Desktop/yinjian/add52/no6_yes/no6bug/no6bug/step_into_mips-lab_4/lab_4/rtl/pc.v" into library xil_defaultlib
INFO: [VRFC 10-311] analyzing module pc
INFO: [VRFC 10-2263] Analyzing Verilog file "C:/Users/AirCoder/Desktop/yinjian/add52/no6_yes/no6bug/no6bug/step_into_mips-lab_4/lab_4/rtl/regfile.v" into library xil_defaultlib
INFO: [VRFC 10-311] analyzing module regfile
INFO: [VRFC 10-2263] Analyzing Verilog file "C:/Users/AirCoder/Desktop/yinjian/add52/no6_yes/no6bug/no6bug/step_into_mips-lab_4/lab_4/rtl/signext.v" into library xil_defaultlib
INFO: [VRFC 10-311] analyzing module signext
INFO: [VRFC 10-2263] Analyzing Verilog file "C:/Users/AirCoder/Desktop/yinjian/add52/no6_yes/no6bug/no6bug/step_into_mips-lab_4/lab_4/rtl/sl2.v" into library xil_defaultlib
INFO: [VRFC 10-311] analyzing module sl2
INFO: [VRFC 10-2263] Analyzing Verilog file "C:/Users/AirCoder/Desktop/yinjian/add52/no6_yes/no6bug/no6bug/step_into_mips-lab_4/lab_4/rtl/top.v" into library xil_defaultlib
INFO: [VRFC 10-311] analyzing module top
INFO: [VRFC 10-2263] Analyzing Verilog file "C:/Users/AirCoder/Desktop/yinjian/add52/no6_yes/no6bug/no6bug/step_into_mips-lab_4/lab_4/sim/testbench.v" into library xil_defaultlib
INFO: [VRFC 10-311] analyzing module testbench
INFO: [VRFC 10-2263] Analyzing Verilog file "C:/Users/AirCoder/Desktop/yinjian/add52/no6_yes/no6bug/no6bug/step_into_mips-lab_4/lab_4/lab_4/lab_4.sim/sim_1/behav/xsim/glbl.v" into library xil_defaultlib
INFO: [VRFC 10-311] analyzing module glbl
run_program: Time (s): cpu = 00:00:00 ; elapsed = 00:00:05 . Memory (MB): peak = 1385.105 ; gain = 0.000
INFO: [USF-XSim-69] 'compile' step finished in '5' seconds
INFO: [USF-XSim-3] XSim::Elaborate design
INFO: [USF-XSim-61] Executing 'ELABORATE' step in 'C:/Users/AirCoder/Desktop/yinjian/add52/no6_yes/no6bug/no6bug/step_into_mips-lab_4/lab_4/lab_4/lab_4.sim/sim_1/behav/xsim'
"xelab --incr --debug typical --relax --mt 2 -L xil_defaultlib -L blk_mem_gen_v8_4_5 -L unisims_ver -L unimacro_ver -L secureip -L xpm --snapshot testbench_behav xil_defaultlib.testbench xil_defaultlib.glbl -log elaborate.log"
Vivado Simulator v2021.2
Copyright 1986-1999, 2001-2021 Xilinx, Inc. All Rights Reserved.
Running: D:/Xilinx/Vivado/2021.2/bin/unwrapped/win64.o/xelab.exe --incr --debug typical --relax --mt 2 -L xil_defaultlib -L blk_mem_gen_v8_4_5 -L unisims_ver -L unimacro_ver -L secureip -L xpm --snapshot testbench_behav xil_defaultlib.testbench xil_defaultlib.glbl -log elaborate.log 
Using 2 slave threads.
Starting static elaboration
Pass Through NonSizing Optimizer
Completed static elaboration
Starting simulation data flow analysis
Completed simulation data flow analysis
Time Resolution for simulation is 1ps
Compiling module xil_defaultlib.maindec
Compiling module xil_defaultlib.aludec
Compiling module xil_defaultlib.flopenrc(WIDTH=13)
Compiling module xil_defaultlib.flopenrc(WIDTH=7)
Compiling module xil_defaultlib.flopenrc(WIDTH=3)
Compiling module xil_defaultlib.flopr(WIDTH=2)
Compiling module xil_defaultlib.controller
Compiling module xil_defaultlib.hazard
Compiling module xil_defaultlib.mux2(WIDTH=32)
Compiling module xil_defaultlib.regfile
Compiling module xil_defaultlib.hilo_reg
Compiling module xil_defaultlib.pc(WIDTH=32)
Compiling module xil_defaultlib.adder
Compiling module xil_defaultlib.flopenr(WIDTH=32)
Compiling module xil_defaultlib.flopenrc(WIDTH=32)
Compiling module xil_defaultlib.eqcmp
Compiling module xil_defaultlib.signext
Compiling module xil_defaultlib.sl2
Compiling module xil_defaultlib.mux4(WIDTH=32)
Compiling module xil_defaultlib.flopenrc(WIDTH=10)
Compiling module xil_defaultlib.flopenrc(WIDTH=5)
Compiling module xil_defaultlib.floprc(WIDTH=6)
Compiling module xil_defaultlib.flopenrc(WIDTH=64)
Compiling module xil_defaultlib.flopenrc(WIDTH=2)
Compiling module xil_defaultlib.mux3(WIDTH=32)
Compiling module xil_defaultlib.alu
Compiling module xil_defaultlib.div
Compiling module xil_defaultlib.mux2(WIDTH=5)
Compiling module xil_defaultlib.flopr(WIDTH=32)
Compiling module xil_defaultlib.flopr(WIDTH=5)
Compiling module xil_defaultlib.floprc(WIDTH=64)
Compiling module xil_defaultlib.flopr(WIDTH=6)
Compiling module xil_defaultlib.floprc(WIDTH=2)
Compiling module xil_defaultlib.lsmem
Compiling module xil_defaultlib.flopr(WIDTH=64)
Compiling module xil_defaultlib.floprc(WIDTH=32)
Compiling module xil_defaultlib.datapath
Compiling module xil_defaultlib.mips
Compiling module blk_mem_gen_v8_4_5.blk_mem_gen_v8_4_5_output_stage(...
Compiling module blk_mem_gen_v8_4_5.blk_mem_gen_v8_4_5_softecc_outpu...
Compiling module blk_mem_gen_v8_4_5.blk_mem_gen_v8_4_5_mem_module(C_...
Compiling module blk_mem_gen_v8_4_5.blk_mem_gen_v8_4_5(C_FAMILY="art...
Compiling module xil_defaultlib.inst_mem
Compiling module blk_mem_gen_v8_4_5.blk_mem_gen_v8_4_5_mem_module(C_...
Compiling module blk_mem_gen_v8_4_5.blk_mem_gen_v8_4_5(C_FAMILY="art...
Compiling module xil_defaultlib.data_mem
Compiling module xil_defaultlib.top
Compiling module xil_defaultlib.testbench
Compiling module xil_defaultlib.glbl
Built simulation snapshot testbench_behav
run_program: Time (s): cpu = 00:00:01 ; elapsed = 00:00:10 . Memory (MB): peak = 1385.105 ; gain = 0.000
INFO: [USF-XSim-69] 'elaborate' step finished in '10' seconds
INFO: [USF-XSim-4] XSim::Simulate design
INFO: [USF-XSim-61] Executing 'SIMULATE' step in 'C:/Users/AirCoder/Desktop/yinjian/add52/no6_yes/no6bug/no6bug/step_into_mips-lab_4/lab_4/lab_4/lab_4.sim/sim_1/behav/xsim'
INFO: [USF-XSim-98] *** Running xsim
   with args "testbench_behav -key {Behavioral:sim_1:Functional:testbench} -tclbatch {testbench.tcl} -view {C:/Users/AirCoder/Desktop/yinjian/add52/no6_yes/no6bug/no6bug/step_into_mips-lab_4/lab_4/lab_4/testbench_behav.wcfg} -log {simulate.log}"
INFO: [USF-XSim-8] Loading simulator feature
Time resolution is 1 ps
open_wave_config C:/Users/AirCoder/Desktop/yinjian/add52/no6_yes/no6bug/no6bug/step_into_mips-lab_4/lab_4/lab_4/testbench_behav.wcfg
source testbench.tcl
# set curr_wave [current_wave_config]
# if { [string length $curr_wave] == 0 } {
#   if { [llength [get_objects]] > 0} {
#     add_wave /
#     set_property needs_save false [current_wave_config]
#   } else {
#      send_msg_id Add_Wave-1 WARNING "No top level signals found. Simulator will start without a wave window. If you want to open a wave window go to 'File->New Waveform Configuration' or type 'create_wave_config' in the TCL console."
#   }
# }
# run 1000ns
 Block Memory Generator module loading initial data...
 Block Memory Generator data initialization complete.
Block Memory Generator module testbench.dut.imem.inst.\native_mem_mapped_module.blk_mem_gen_v8_4_5_inst  is using a behavioral model for simulation which will not precisely model memory collision behavior.
 Block Memory Generator module loading initial data...
 Block Memory Generator data initialization complete.
Block Memory Generator module testbench.dut.dmem.inst.\native_mem_mapped_module.blk_mem_gen_v8_4_5_inst  is using a behavioral model for simulation which will not precisely model memory collision behavior.
INFO: [USF-XSim-96] XSim completed. Design snapshot 'testbench_behav' loaded.
INFO: [USF-XSim-97] XSim simulation ran for 1000ns
launch_simulation: Time (s): cpu = 00:00:08 ; elapsed = 00:00:20 . Memory (MB): peak = 1385.105 ; gain = 0.000
current_wave_config {testbench_behav.wcfg}
testbench_behav.wcfg
add_wave {{/testbench/dut/mips/dp/rf/rf}} 
relaunch_sim
Command: launch_simulation -step compile -simset sim_1 -mode behavioral
INFO: [Vivado 12-12493] Simulation top is 'testbench'
WARNING: [Vivado 12-12986] Compiled library path does not exist: ''
INFO: [Vivado 12-5698] Checking validity of IPs in the design for the 'XSim' simulator...
INFO: [Runs 36-567] Checking/generating simulation output products for IPs/BDs (if any)...
INFO: [Vivado 12-5682] Launching behavioral simulation in 'C:/Users/AirCoder/Desktop/yinjian/add52/no6_yes/no6bug/no6bug/step_into_mips-lab_4/lab_4/lab_4/lab_4.sim/sim_1/behav/xsim'
INFO: [Vivado 12-4795] Using compiled simulation libraries for IPs
INFO: [SIM-utils-51] Simulation object is 'sim_1'
INFO: [SIM-utils-72] Using boost library from 'D:/Xilinx/Vivado/2021.2/tps/boost_1_72_0'
INFO: [USF-XSim-7] Finding pre-compiled libraries...
INFO: [USF-XSim-11] File 'D:/Xilinx/Vivado/2021.2/data/xsim/xsim.ini' copied to run dir:'C:/Users/AirCoder/Desktop/yinjian/add52/no6_yes/no6bug/no6bug/step_into_mips-lab_4/lab_4/lab_4/lab_4.sim/sim_1/behav/xsim'
INFO: [SIM-utils-54] Inspecting design source files for 'testbench' in fileset 'sim_1'...
INFO: [SIM-utils-43] Exported 'C:/Users/AirCoder/Desktop/yinjian/add52/no6_yes/no6bug/no6bug/step_into_mips-lab_4/lab_4/lab_4/lab_4.sim/sim_1/behav/xsim/inst_mem.mif'
INFO: [SIM-utils-43] Exported 'C:/Users/AirCoder/Desktop/yinjian/add52/no6_yes/no6bug/no6bug/step_into_mips-lab_4/lab_4/lab_4/lab_4.sim/sim_1/behav/xsim/inst_ram.coe'
INFO: [SIM-utils-43] Exported 'C:/Users/AirCoder/Desktop/yinjian/add52/no6_yes/no6bug/no6bug/step_into_mips-lab_4/lab_4/lab_4/lab_4.sim/sim_1/behav/xsim/mipstest.coe'
INFO: [SIM-utils-43] Exported 'C:/Users/AirCoder/Desktop/yinjian/add52/no6_yes/no6bug/no6bug/step_into_mips-lab_4/lab_4/lab_4/lab_4.sim/sim_1/behav/xsim/inst_ram.coe'
INFO: [SIM-utils-43] Exported 'C:/Users/AirCoder/Desktop/yinjian/add52/no6_yes/no6bug/no6bug/step_into_mips-lab_4/lab_4/lab_4/lab_4.sim/sim_1/behav/xsim/inst_ram.coe'
INFO: [SIM-utils-43] Exported 'C:/Users/AirCoder/Desktop/yinjian/add52/no6_yes/no6bug/no6bug/step_into_mips-lab_4/lab_4/lab_4/lab_4.sim/sim_1/behav/xsim/inst_ram.coe'
INFO: [SIM-utils-43] Exported 'C:/Users/AirCoder/Desktop/yinjian/add52/no6_yes/no6bug/no6bug/step_into_mips-lab_4/lab_4/lab_4/lab_4.sim/sim_1/behav/xsim/inst_ram.coe'
INFO: [SIM-utils-43] Exported 'C:/Users/AirCoder/Desktop/yinjian/add52/no6_yes/no6bug/no6bug/step_into_mips-lab_4/lab_4/lab_4/lab_4.sim/sim_1/behav/xsim/inst_ram.coe'
INFO: [SIM-utils-43] Exported 'C:/Users/AirCoder/Desktop/yinjian/add52/no6_yes/no6bug/no6bug/step_into_mips-lab_4/lab_4/lab_4/lab_4.sim/sim_1/behav/xsim/inst_ram.coe'
INFO: [SIM-utils-43] Exported 'C:/Users/AirCoder/Desktop/yinjian/add52/no6_yes/no6bug/no6bug/step_into_mips-lab_4/lab_4/lab_4/lab_4.sim/sim_1/behav/xsim/inst_ram.coe'
INFO: [USF-XSim-97] Finding global include files...
INFO: [USF-XSim-98] Fetching design files from 'sim_1'...
INFO: [USF-XSim-2] XSim::Compile design
INFO: [USF-XSim-61] Executing 'COMPILE and ANALYZE' step in 'C:/Users/AirCoder/Desktop/yinjian/add52/no6_yes/no6bug/no6bug/step_into_mips-lab_4/lab_4/lab_4/lab_4.sim/sim_1/behav/xsim'
"xvlog --incr --relax -prj testbench_vlog.prj"
INFO: [USF-XSim-69] 'compile' step finished in '4' seconds
Command: launch_simulation -step elaborate -simset sim_1 -mode behavioral
INFO: [Vivado 12-12493] Simulation top is 'testbench'
WARNING: [Vivado 12-12986] Compiled library path does not exist: ''
INFO: [Vivado 12-5698] Checking validity of IPs in the design for the 'XSim' simulator...
INFO: [Runs 36-567] Checking/generating simulation output products for IPs/BDs (if any)...
INFO: [Vivado 12-5682] Launching behavioral simulation in 'C:/Users/AirCoder/Desktop/yinjian/add52/no6_yes/no6bug/no6bug/step_into_mips-lab_4/lab_4/lab_4/lab_4.sim/sim_1/behav/xsim'
INFO: [Vivado 12-4795] Using compiled simulation libraries for IPs
INFO: [SIM-utils-51] Simulation object is 'sim_1'
INFO: [USF-XSim-3] XSim::Elaborate design
INFO: [USF-XSim-61] Executing 'ELABORATE' step in 'C:/Users/AirCoder/Desktop/yinjian/add52/no6_yes/no6bug/no6bug/step_into_mips-lab_4/lab_4/lab_4/lab_4.sim/sim_1/behav/xsim'
"xelab --incr --debug typical --relax --mt 2 -L xil_defaultlib -L blk_mem_gen_v8_4_5 -L unisims_ver -L unimacro_ver -L secureip -L xpm --snapshot testbench_behav xil_defaultlib.testbench xil_defaultlib.glbl -log elaborate.log"
Vivado Simulator v2021.2
Copyright 1986-1999, 2001-2021 Xilinx, Inc. All Rights Reserved.
Running: D:/Xilinx/Vivado/2021.2/bin/unwrapped/win64.o/xelab.exe --incr --debug typical --relax --mt 2 -L xil_defaultlib -L blk_mem_gen_v8_4_5 -L unisims_ver -L unimacro_ver -L secureip -L xpm --snapshot testbench_behav xil_defaultlib.testbench xil_defaultlib.glbl -log elaborate.log 
Using 2 slave threads.
Starting static elaboration
Pass Through NonSizing Optimizer
Completed static elaboration
INFO: [XSIM 43-4323] No Change in HDL. Linking previously generated obj files to create kernel
INFO: [USF-XSim-69] 'elaborate' step finished in '4' seconds
Time resolution is 1 ps
 Block Memory Generator module loading initial data...
 Block Memory Generator data initialization complete.
Block Memory Generator module testbench.dut.imem.inst.\native_mem_mapped_module.blk_mem_gen_v8_4_5_inst  is using a behavioral model for simulation which will not precisely model memory collision behavior.
 Block Memory Generator module loading initial data...
 Block Memory Generator data initialization complete.
Block Memory Generator module testbench.dut.dmem.inst.\native_mem_mapped_module.blk_mem_gen_v8_4_5_inst  is using a behavioral model for simulation which will not precisely model memory collision behavior.
relaunch_sim: Time (s): cpu = 00:00:03 ; elapsed = 00:00:11 . Memory (MB): peak = 1385.105 ; gain = 0.000
current_wave_config {testbench_behav.wcfg}
testbench_behav.wcfg
add_wave {{/testbench/dut/mips/dp/rf/rf[1]}} 
current_wave_config {testbench_behav.wcfg}
testbench_behav.wcfg
add_wave {{/testbench/dut/mips/dp/rf/rf[2]}} 
current_wave_config {testbench_behav.wcfg}
testbench_behav.wcfg
add_wave {{/testbench/dut/mips/dp/rf/rf[3]}} 
WARNING: [IP_Flow 19-4067] Ignoring invalid widget type specified checkbox.Providing a default widget
WARNING: [IP_Flow 19-4067] Ignoring invalid widget type specified checkbox.Providing a default widget
INFO: [IP_Flow 19-3484] Absolute path of file 'c:/Users/AirCoder/Desktop/yinjian/add52/no6_yes/no6bug/no6bug/step_into_mips-lab_4/lab_4/coe/funcTest_independent/j_BTest/Test1/obj/inst_ram.coe' provided. It will be converted relative to IP Instance files '../../../../../coe/funcTest_independent/j_BTest/Test1/obj/inst_ram.coe'
set_property -dict [list CONFIG.Coe_File {C:/Users/AirCoder/Desktop/yinjian/add52/no6_yes/no6bug/no6bug/step_into_mips-lab_4/lab_4/coe/funcTest_independent/j_BTest/Test1/obj/inst_ram.coe}] [get_ips inst_mem]
INFO: [IP_Flow 19-3484] Absolute path of file 'c:/Users/AirCoder/Desktop/yinjian/add52/no6_yes/no6bug/no6bug/step_into_mips-lab_4/lab_4/coe/funcTest_independent/j_BTest/Test1/obj/inst_ram.coe' provided. It will be converted relative to IP Instance files '../../../../../coe/funcTest_independent/j_BTest/Test1/obj/inst_ram.coe'
generate_target all [get_files  C:/Users/AirCoder/Desktop/yinjian/add52/no6_yes/no6bug/no6bug/step_into_mips-lab_4/lab_4/lab_4/lab_4.srcs/sources_1/ip/inst_mem_1/inst_mem.xci]
INFO: [IP_Flow 19-1686] Generating 'Instantiation Template' target for IP 'inst_mem'...
INFO: [IP_Flow 19-1686] Generating 'Synthesis' target for IP 'inst_mem'...
INFO: [IP_Flow 19-1686] Generating 'Simulation' target for IP 'inst_mem'...
INFO: [IP_Flow 19-1686] Generating 'Miscellaneous' target for IP 'inst_mem'...
INFO: [IP_Flow 19-1686] Generating 'Change Log' target for IP 'inst_mem'...
catch { config_ip_cache -export [get_ips -all inst_mem] }
INFO: [IP_Flow 19-4993] Using cached IP synthesis design for IP inst_mem, cache-ID = 5c0947b634084eee; cache size = 1.386 MB.
export_ip_user_files -of_objects [get_files C:/Users/AirCoder/Desktop/yinjian/add52/no6_yes/no6bug/no6bug/step_into_mips-lab_4/lab_4/lab_4/lab_4.srcs/sources_1/ip/inst_mem_1/inst_mem.xci] -no_script -sync -force -quiet
create_ip_run [get_files -of_objects [get_fileset sources_1] C:/Users/AirCoder/Desktop/yinjian/add52/no6_yes/no6bug/no6bug/step_into_mips-lab_4/lab_4/lab_4/lab_4.srcs/sources_1/ip/inst_mem_1/inst_mem.xci]
INFO: [Vivado 12-3453] The given sub-design is up-to-date, no action was taken.  If a run is still desired, use the '-force' option for the file:'C:/Users/AirCoder/Desktop/yinjian/add52/no6_yes/no6bug/no6bug/step_into_mips-lab_4/lab_4/lab_4/lab_4.srcs/sources_1/ip/inst_mem_1/inst_mem.xci'
export_simulation -of_objects [get_files C:/Users/AirCoder/Desktop/yinjian/add52/no6_yes/no6bug/no6bug/step_into_mips-lab_4/lab_4/lab_4/lab_4.srcs/sources_1/ip/inst_mem_1/inst_mem.xci] -directory C:/Users/AirCoder/Desktop/yinjian/add52/no6_yes/no6bug/no6bug/step_into_mips-lab_4/lab_4/lab_4/lab_4.ip_user_files/sim_scripts -ip_user_files_dir C:/Users/AirCoder/Desktop/yinjian/add52/no6_yes/no6bug/no6bug/step_into_mips-lab_4/lab_4/lab_4/lab_4.ip_user_files -ipstatic_source_dir C:/Users/AirCoder/Desktop/yinjian/add52/no6_yes/no6bug/no6bug/step_into_mips-lab_4/lab_4/lab_4/lab_4.ip_user_files/ipstatic -lib_map_path [list {modelsim=C:/Users/AirCoder/Desktop/yinjian/add52/no6_yes/no6bug/no6bug/step_into_mips-lab_4/lab_4/lab_4/lab_4.cache/compile_simlib/modelsim} {questa=C:/Users/AirCoder/Desktop/yinjian/add52/no6_yes/no6bug/no6bug/step_into_mips-lab_4/lab_4/lab_4/lab_4.cache/compile_simlib/questa} {riviera=C:/Users/AirCoder/Desktop/yinjian/add52/no6_yes/no6bug/no6bug/step_into_mips-lab_4/lab_4/lab_4/lab_4.cache/compile_simlib/riviera} {activehdl=C:/Users/AirCoder/Desktop/yinjian/add52/no6_yes/no6bug/no6bug/step_into_mips-lab_4/lab_4/lab_4/lab_4.cache/compile_simlib/activehdl}] -use_ip_compiled_libs -force -quiet
save_wave_config {C:/Users/AirCoder/Desktop/yinjian/add52/no6_yes/no6bug/no6bug/step_into_mips-lab_4/lab_4/lab_4/testbench_behav.wcfg}
close_sim
INFO: [Simtcl 6-16] Simulation closed
launch_simulation
Command: launch_simulation 
INFO: [Vivado 12-12493] Simulation top is 'testbench'
WARNING: [Vivado 12-12986] Compiled library path does not exist: ''
INFO: [Vivado 12-5698] Checking validity of IPs in the design for the 'XSim' simulator...
INFO: [Runs 36-567] Checking/generating simulation output products for IPs/BDs (if any)...
INFO: [Vivado 12-5682] Launching behavioral simulation in 'C:/Users/AirCoder/Desktop/yinjian/add52/no6_yes/no6bug/no6bug/step_into_mips-lab_4/lab_4/lab_4/lab_4.sim/sim_1/behav/xsim'
INFO: [Vivado 12-4795] Using compiled simulation libraries for IPs
INFO: [SIM-utils-51] Simulation object is 'sim_1'
INFO: [SIM-utils-72] Using boost library from 'D:/Xilinx/Vivado/2021.2/tps/boost_1_72_0'
INFO: [USF-XSim-7] Finding pre-compiled libraries...
INFO: [USF-XSim-11] File 'D:/Xilinx/Vivado/2021.2/data/xsim/xsim.ini' copied to run dir:'C:/Users/AirCoder/Desktop/yinjian/add52/no6_yes/no6bug/no6bug/step_into_mips-lab_4/lab_4/lab_4/lab_4.sim/sim_1/behav/xsim'
INFO: [SIM-utils-54] Inspecting design source files for 'testbench' in fileset 'sim_1'...
INFO: [SIM-utils-43] Exported 'C:/Users/AirCoder/Desktop/yinjian/add52/no6_yes/no6bug/no6bug/step_into_mips-lab_4/lab_4/lab_4/lab_4.sim/sim_1/behav/xsim/inst_mem.mif'
INFO: [SIM-utils-43] Exported 'C:/Users/AirCoder/Desktop/yinjian/add52/no6_yes/no6bug/no6bug/step_into_mips-lab_4/lab_4/lab_4/lab_4.sim/sim_1/behav/xsim/inst_ram.coe'
INFO: [SIM-utils-43] Exported 'C:/Users/AirCoder/Desktop/yinjian/add52/no6_yes/no6bug/no6bug/step_into_mips-lab_4/lab_4/lab_4/lab_4.sim/sim_1/behav/xsim/mipstest.coe'
INFO: [SIM-utils-43] Exported 'C:/Users/AirCoder/Desktop/yinjian/add52/no6_yes/no6bug/no6bug/step_into_mips-lab_4/lab_4/lab_4/lab_4.sim/sim_1/behav/xsim/inst_ram.coe'
INFO: [SIM-utils-43] Exported 'C:/Users/AirCoder/Desktop/yinjian/add52/no6_yes/no6bug/no6bug/step_into_mips-lab_4/lab_4/lab_4/lab_4.sim/sim_1/behav/xsim/inst_ram.coe'
INFO: [SIM-utils-43] Exported 'C:/Users/AirCoder/Desktop/yinjian/add52/no6_yes/no6bug/no6bug/step_into_mips-lab_4/lab_4/lab_4/lab_4.sim/sim_1/behav/xsim/inst_ram.coe'
INFO: [SIM-utils-43] Exported 'C:/Users/AirCoder/Desktop/yinjian/add52/no6_yes/no6bug/no6bug/step_into_mips-lab_4/lab_4/lab_4/lab_4.sim/sim_1/behav/xsim/inst_ram.coe'
INFO: [SIM-utils-43] Exported 'C:/Users/AirCoder/Desktop/yinjian/add52/no6_yes/no6bug/no6bug/step_into_mips-lab_4/lab_4/lab_4/lab_4.sim/sim_1/behav/xsim/inst_ram.coe'
INFO: [SIM-utils-43] Exported 'C:/Users/AirCoder/Desktop/yinjian/add52/no6_yes/no6bug/no6bug/step_into_mips-lab_4/lab_4/lab_4/lab_4.sim/sim_1/behav/xsim/inst_ram.coe'
INFO: [SIM-utils-43] Exported 'C:/Users/AirCoder/Desktop/yinjian/add52/no6_yes/no6bug/no6bug/step_into_mips-lab_4/lab_4/lab_4/lab_4.sim/sim_1/behav/xsim/inst_ram.coe'
INFO: [USF-XSim-97] Finding global include files...
INFO: [USF-XSim-98] Fetching design files from 'sim_1'...
INFO: [USF-XSim-2] XSim::Compile design
INFO: [USF-XSim-61] Executing 'COMPILE and ANALYZE' step in 'C:/Users/AirCoder/Desktop/yinjian/add52/no6_yes/no6bug/no6bug/step_into_mips-lab_4/lab_4/lab_4/lab_4.sim/sim_1/behav/xsim'
"xvlog --incr --relax -prj testbench_vlog.prj"
INFO: [VRFC 10-2263] Analyzing Verilog file "C:/Users/AirCoder/Desktop/yinjian/add52/no6_yes/no6bug/no6bug/step_into_mips-lab_4/lab_4/lab_4/lab_4.srcs/sources_1/ip/data_mem_1/sim/data_mem.v" into library xil_defaultlib
INFO: [VRFC 10-311] analyzing module data_mem
INFO: [VRFC 10-2263] Analyzing Verilog file "C:/Users/AirCoder/Desktop/yinjian/add52/no6_yes/no6bug/no6bug/step_into_mips-lab_4/lab_4/lab_4/lab_4.srcs/sources_1/ip/inst_mem_1/sim/inst_mem.v" into library xil_defaultlib
INFO: [VRFC 10-311] analyzing module inst_mem
INFO: [VRFC 10-2263] Analyzing Verilog file "C:/Users/AirCoder/Desktop/yinjian/add52/no6_yes/no6bug/no6bug/step_into_mips-lab_4/lab_4/rtl/adder.v" into library xil_defaultlib
INFO: [VRFC 10-311] analyzing module adder
INFO: [VRFC 10-2263] Analyzing Verilog file "C:/Users/AirCoder/Desktop/yinjian/add52/no6_yes/no6bug/no6bug/step_into_mips-lab_4/lab_4/rtl/alu.v" into library xil_defaultlib
INFO: [VRFC 10-311] analyzing module alu
INFO: [VRFC 10-2263] Analyzing Verilog file "C:/Users/AirCoder/Desktop/yinjian/add52/no6_yes/no6bug/no6bug/step_into_mips-lab_4/lab_4/rtl/aludec.v" into library xil_defaultlib
INFO: [VRFC 10-311] analyzing module aludec
INFO: [VRFC 10-2263] Analyzing Verilog file "C:/Users/AirCoder/Desktop/yinjian/add52/no6_yes/no6bug/no6bug/step_into_mips-lab_4/lab_4/rtl/controller.v" into library xil_defaultlib
INFO: [VRFC 10-311] analyzing module controller
WARNING: [VRFC 10-3676] redeclaration of ansi port 'jumpE' is not allowed [C:/Users/AirCoder/Desktop/yinjian/add52/no6_yes/no6bug/no6bug/step_into_mips-lab_4/lab_4/rtl/controller.v:76]
INFO: [VRFC 10-2263] Analyzing Verilog file "C:/Users/AirCoder/Desktop/yinjian/add52/no6_yes/no6bug/no6bug/step_into_mips-lab_4/lab_4/rtl/datapath.v" into library xil_defaultlib
INFO: [VRFC 10-311] analyzing module datapath
WARNING: [VRFC 10-3676] redeclaration of ansi port 'balE' is not allowed [C:/Users/AirCoder/Desktop/yinjian/add52/no6_yes/no6bug/no6bug/step_into_mips-lab_4/lab_4/rtl/datapath.v:108]
INFO: [VRFC 10-2263] Analyzing Verilog file "C:/Users/AirCoder/Desktop/yinjian/add52/no6_yes/no6bug/no6bug/step_into_mips-lab_4/lab_4/lab_4/lab_4.srcs/sources_1/new/div.v" into library xil_defaultlib
INFO: [VRFC 10-311] analyzing module div
INFO: [VRFC 10-2263] Analyzing Verilog file "C:/Users/AirCoder/Desktop/yinjian/add52/no6_yes/no6bug/no6bug/step_into_mips-lab_4/lab_4/rtl/eqcmp.v" into library xil_defaultlib
INFO: [VRFC 10-311] analyzing module eqcmp
INFO: [VRFC 10-2263] Analyzing Verilog file "C:/Users/AirCoder/Desktop/yinjian/add52/no6_yes/no6bug/no6bug/step_into_mips-lab_4/lab_4/rtl/flopenr.v" into library xil_defaultlib
INFO: [VRFC 10-311] analyzing module flopenr
INFO: [VRFC 10-2263] Analyzing Verilog file "C:/Users/AirCoder/Desktop/yinjian/add52/no6_yes/no6bug/no6bug/step_into_mips-lab_4/lab_4/rtl/flopenrc.v" into library xil_defaultlib
INFO: [VRFC 10-311] analyzing module flopenrc
INFO: [VRFC 10-2263] Analyzing Verilog file "C:/Users/AirCoder/Desktop/yinjian/add52/no6_yes/no6bug/no6bug/step_into_mips-lab_4/lab_4/rtl/flopr.v" into library xil_defaultlib
INFO: [VRFC 10-311] analyzing module flopr
INFO: [VRFC 10-2263] Analyzing Verilog file "C:/Users/AirCoder/Desktop/yinjian/add52/no6_yes/no6bug/no6bug/step_into_mips-lab_4/lab_4/rtl/floprc.v" into library xil_defaultlib
INFO: [VRFC 10-311] analyzing module floprc
INFO: [VRFC 10-2263] Analyzing Verilog file "C:/Users/AirCoder/Desktop/yinjian/add52/no6_yes/no6bug/no6bug/step_into_mips-lab_4/lab_4/rtl/hazard.v" into library xil_defaultlib
INFO: [VRFC 10-311] analyzing module hazard
INFO: [VRFC 10-2458] undeclared symbol branchflushM, assumed default net type wire [C:/Users/AirCoder/Desktop/yinjian/add52/no6_yes/no6bug/no6bug/step_into_mips-lab_4/lab_4/rtl/hazard.v:131]
INFO: [VRFC 10-2263] Analyzing Verilog file "C:/Users/AirCoder/Desktop/yinjian/add52/no6_yes/no6bug/no6bug/step_into_mips-lab_4/lab_4/lab_4/lab_4.srcs/sources_1/new/hilo_reg.v" into library xil_defaultlib
INFO: [VRFC 10-311] analyzing module hilo_reg
INFO: [VRFC 10-2263] Analyzing Verilog file "C:/Users/AirCoder/Desktop/yinjian/add52/no6_yes/no6bug/no6bug/step_into_mips-lab_4/lab_4/lab_4/lab_4.srcs/sources_1/new/lsmem.v" into library xil_defaultlib
INFO: [VRFC 10-311] analyzing module lsmem
INFO: [VRFC 10-2263] Analyzing Verilog file "C:/Users/AirCoder/Desktop/yinjian/add52/no6_yes/no6bug/no6bug/step_into_mips-lab_4/lab_4/rtl/maindec.v" into library xil_defaultlib
INFO: [VRFC 10-311] analyzing module maindec
INFO: [VRFC 10-2263] Analyzing Verilog file "C:/Users/AirCoder/Desktop/yinjian/add52/no6_yes/no6bug/no6bug/step_into_mips-lab_4/lab_4/rtl/mips.v" into library xil_defaultlib
INFO: [VRFC 10-311] analyzing module mips
INFO: [VRFC 10-2263] Analyzing Verilog file "C:/Users/AirCoder/Desktop/yinjian/add52/no6_yes/no6bug/no6bug/step_into_mips-lab_4/lab_4/rtl/mux2.v" into library xil_defaultlib
INFO: [VRFC 10-311] analyzing module mux2
INFO: [VRFC 10-2263] Analyzing Verilog file "C:/Users/AirCoder/Desktop/yinjian/add52/no6_yes/no6bug/no6bug/step_into_mips-lab_4/lab_4/rtl/mux3.v" into library xil_defaultlib
INFO: [VRFC 10-311] analyzing module mux3
INFO: [VRFC 10-2263] Analyzing Verilog file "C:/Users/AirCoder/Desktop/yinjian/add52/no6_yes/no6bug/no6bug/step_into_mips-lab_4/lab_4/lab_4/lab_4.srcs/sources_1/new/mux4.v" into library xil_defaultlib
INFO: [VRFC 10-311] analyzing module mux4
INFO: [VRFC 10-2263] Analyzing Verilog file "C:/Users/AirCoder/Desktop/yinjian/add52/no6_yes/no6bug/no6bug/step_into_mips-lab_4/lab_4/rtl/pc.v" into library xil_defaultlib
INFO: [VRFC 10-311] analyzing module pc
INFO: [VRFC 10-2263] Analyzing Verilog file "C:/Users/AirCoder/Desktop/yinjian/add52/no6_yes/no6bug/no6bug/step_into_mips-lab_4/lab_4/rtl/regfile.v" into library xil_defaultlib
INFO: [VRFC 10-311] analyzing module regfile
INFO: [VRFC 10-2263] Analyzing Verilog file "C:/Users/AirCoder/Desktop/yinjian/add52/no6_yes/no6bug/no6bug/step_into_mips-lab_4/lab_4/rtl/signext.v" into library xil_defaultlib
INFO: [VRFC 10-311] analyzing module signext
INFO: [VRFC 10-2263] Analyzing Verilog file "C:/Users/AirCoder/Desktop/yinjian/add52/no6_yes/no6bug/no6bug/step_into_mips-lab_4/lab_4/rtl/sl2.v" into library xil_defaultlib
INFO: [VRFC 10-311] analyzing module sl2
INFO: [VRFC 10-2263] Analyzing Verilog file "C:/Users/AirCoder/Desktop/yinjian/add52/no6_yes/no6bug/no6bug/step_into_mips-lab_4/lab_4/rtl/top.v" into library xil_defaultlib
INFO: [VRFC 10-311] analyzing module top
INFO: [VRFC 10-2263] Analyzing Verilog file "C:/Users/AirCoder/Desktop/yinjian/add52/no6_yes/no6bug/no6bug/step_into_mips-lab_4/lab_4/sim/testbench.v" into library xil_defaultlib
INFO: [VRFC 10-311] analyzing module testbench
run_program: Time (s): cpu = 00:00:00 ; elapsed = 00:00:05 . Memory (MB): peak = 1395.938 ; gain = 0.000
INFO: [USF-XSim-69] 'compile' step finished in '6' seconds
INFO: [USF-XSim-3] XSim::Elaborate design
INFO: [USF-XSim-61] Executing 'ELABORATE' step in 'C:/Users/AirCoder/Desktop/yinjian/add52/no6_yes/no6bug/no6bug/step_into_mips-lab_4/lab_4/lab_4/lab_4.sim/sim_1/behav/xsim'
"xelab --incr --debug typical --relax --mt 2 -L xil_defaultlib -L blk_mem_gen_v8_4_5 -L unisims_ver -L unimacro_ver -L secureip -L xpm --snapshot testbench_behav xil_defaultlib.testbench xil_defaultlib.glbl -log elaborate.log"
Vivado Simulator v2021.2
Copyright 1986-1999, 2001-2021 Xilinx, Inc. All Rights Reserved.
Running: D:/Xilinx/Vivado/2021.2/bin/unwrapped/win64.o/xelab.exe --incr --debug typical --relax --mt 2 -L xil_defaultlib -L blk_mem_gen_v8_4_5 -L unisims_ver -L unimacro_ver -L secureip -L xpm --snapshot testbench_behav xil_defaultlib.testbench xil_defaultlib.glbl -log elaborate.log 
Using 2 slave threads.
Starting static elaboration
Pass Through NonSizing Optimizer
Completed static elaboration
Starting simulation data flow analysis
Completed simulation data flow analysis
Time Resolution for simulation is 1ps
Compiling module xil_defaultlib.maindec
Compiling module xil_defaultlib.aludec
Compiling module xil_defaultlib.flopenrc(WIDTH=13)
Compiling module xil_defaultlib.flopenrc(WIDTH=7)
Compiling module xil_defaultlib.flopenrc(WIDTH=3)
Compiling module xil_defaultlib.flopr(WIDTH=2)
Compiling module xil_defaultlib.controller
Compiling module xil_defaultlib.hazard
Compiling module xil_defaultlib.mux2(WIDTH=32)
Compiling module xil_defaultlib.regfile
Compiling module xil_defaultlib.hilo_reg
Compiling module xil_defaultlib.pc(WIDTH=32)
Compiling module xil_defaultlib.adder
Compiling module xil_defaultlib.flopenr(WIDTH=32)
Compiling module xil_defaultlib.flopenrc(WIDTH=32)
Compiling module xil_defaultlib.eqcmp
Compiling module xil_defaultlib.signext
Compiling module xil_defaultlib.sl2
Compiling module xil_defaultlib.mux4(WIDTH=32)
Compiling module xil_defaultlib.flopenrc(WIDTH=10)
Compiling module xil_defaultlib.flopenrc(WIDTH=5)
Compiling module xil_defaultlib.floprc(WIDTH=6)
Compiling module xil_defaultlib.flopenrc(WIDTH=64)
Compiling module xil_defaultlib.flopenrc(WIDTH=2)
Compiling module xil_defaultlib.mux3(WIDTH=32)
Compiling module xil_defaultlib.alu
Compiling module xil_defaultlib.div
Compiling module xil_defaultlib.mux2(WIDTH=5)
Compiling module xil_defaultlib.flopr(WIDTH=32)
Compiling module xil_defaultlib.flopr(WIDTH=5)
Compiling module xil_defaultlib.floprc(WIDTH=64)
Compiling module xil_defaultlib.flopr(WIDTH=6)
Compiling module xil_defaultlib.floprc(WIDTH=2)
Compiling module xil_defaultlib.lsmem
Compiling module xil_defaultlib.flopr(WIDTH=64)
Compiling module xil_defaultlib.floprc(WIDTH=32)
Compiling module xil_defaultlib.datapath
Compiling module xil_defaultlib.mips
Compiling module blk_mem_gen_v8_4_5.blk_mem_gen_v8_4_5_output_stage(...
Compiling module blk_mem_gen_v8_4_5.blk_mem_gen_v8_4_5_softecc_outpu...
Compiling module blk_mem_gen_v8_4_5.blk_mem_gen_v8_4_5_mem_module(C_...
Compiling module blk_mem_gen_v8_4_5.blk_mem_gen_v8_4_5(C_FAMILY="art...
Compiling module xil_defaultlib.inst_mem
Compiling module blk_mem_gen_v8_4_5.blk_mem_gen_v8_4_5_mem_module(C_...
Compiling module blk_mem_gen_v8_4_5.blk_mem_gen_v8_4_5(C_FAMILY="art...
Compiling module xil_defaultlib.data_mem
Compiling module xil_defaultlib.top
Compiling module xil_defaultlib.testbench
Compiling module xil_defaultlib.glbl
Built simulation snapshot testbench_behav
run_program: Time (s): cpu = 00:00:01 ; elapsed = 00:00:09 . Memory (MB): peak = 1395.938 ; gain = 0.000
INFO: [USF-XSim-69] 'elaborate' step finished in '9' seconds
INFO: [USF-XSim-4] XSim::Simulate design
INFO: [USF-XSim-61] Executing 'SIMULATE' step in 'C:/Users/AirCoder/Desktop/yinjian/add52/no6_yes/no6bug/no6bug/step_into_mips-lab_4/lab_4/lab_4/lab_4.sim/sim_1/behav/xsim'
INFO: [USF-XSim-98] *** Running xsim
   with args "testbench_behav -key {Behavioral:sim_1:Functional:testbench} -tclbatch {testbench.tcl} -view {C:/Users/AirCoder/Desktop/yinjian/add52/no6_yes/no6bug/no6bug/step_into_mips-lab_4/lab_4/lab_4/testbench_behav.wcfg} -log {simulate.log}"
INFO: [USF-XSim-8] Loading simulator feature
Time resolution is 1 ps
open_wave_config C:/Users/AirCoder/Desktop/yinjian/add52/no6_yes/no6bug/no6bug/step_into_mips-lab_4/lab_4/lab_4/testbench_behav.wcfg
source testbench.tcl
# set curr_wave [current_wave_config]
# if { [string length $curr_wave] == 0 } {
#   if { [llength [get_objects]] > 0} {
#     add_wave /
#     set_property needs_save false [current_wave_config]
#   } else {
#      send_msg_id Add_Wave-1 WARNING "No top level signals found. Simulator will start without a wave window. If you want to open a wave window go to 'File->New Waveform Configuration' or type 'create_wave_config' in the TCL console."
#   }
# }
# run 1000ns
 Block Memory Generator module loading initial data...
 Block Memory Generator data initialization complete.
Block Memory Generator module testbench.dut.imem.inst.\native_mem_mapped_module.blk_mem_gen_v8_4_5_inst  is using a behavioral model for simulation which will not precisely model memory collision behavior.
 Block Memory Generator module loading initial data...
 Block Memory Generator data initialization complete.
Block Memory Generator module testbench.dut.dmem.inst.\native_mem_mapped_module.blk_mem_gen_v8_4_5_inst  is using a behavioral model for simulation which will not precisely model memory collision behavior.
INFO: [USF-XSim-96] XSim completed. Design snapshot 'testbench_behav' loaded.
INFO: [USF-XSim-97] XSim simulation ran for 1000ns
launch_simulation: Time (s): cpu = 00:00:05 ; elapsed = 00:00:18 . Memory (MB): peak = 1395.938 ; gain = 0.000
run 10 us
WARNING: [IP_Flow 19-4067] Ignoring invalid widget type specified checkbox.Providing a default widget
WARNING: [IP_Flow 19-4067] Ignoring invalid widget type specified checkbox.Providing a default widget
INFO: [IP_Flow 19-3484] Absolute path of file 'c:/Users/AirCoder/Desktop/yinjian/add52/no6_yes/no6bug/no6bug/step_into_mips-lab_4/lab_4/coe/funcTest_independent/ArithmeticTest/obj/inst_ram.coe' provided. It will be converted relative to IP Instance files '../../../../../coe/funcTest_independent/ArithmeticTest/obj/inst_ram.coe'
set_property -dict [list CONFIG.Coe_File {C:/Users/AirCoder/Desktop/yinjian/add52/no6_yes/no6bug/no6bug/step_into_mips-lab_4/lab_4/coe/funcTest_independent/ArithmeticTest/obj/inst_ram.coe}] [get_ips inst_mem]
INFO: [IP_Flow 19-3484] Absolute path of file 'c:/Users/AirCoder/Desktop/yinjian/add52/no6_yes/no6bug/no6bug/step_into_mips-lab_4/lab_4/coe/funcTest_independent/ArithmeticTest/obj/inst_ram.coe' provided. It will be converted relative to IP Instance files '../../../../../coe/funcTest_independent/ArithmeticTest/obj/inst_ram.coe'
generate_target all [get_files  C:/Users/AirCoder/Desktop/yinjian/add52/no6_yes/no6bug/no6bug/step_into_mips-lab_4/lab_4/lab_4/lab_4.srcs/sources_1/ip/inst_mem_1/inst_mem.xci]
INFO: [IP_Flow 19-1686] Generating 'Instantiation Template' target for IP 'inst_mem'...
INFO: [IP_Flow 19-1686] Generating 'Synthesis' target for IP 'inst_mem'...
INFO: [IP_Flow 19-1686] Generating 'Simulation' target for IP 'inst_mem'...
INFO: [IP_Flow 19-1686] Generating 'Miscellaneous' target for IP 'inst_mem'...
INFO: [IP_Flow 19-1686] Generating 'Change Log' target for IP 'inst_mem'...
catch { config_ip_cache -export [get_ips -all inst_mem] }
INFO: [IP_Flow 19-4993] Using cached IP synthesis design for IP inst_mem, cache-ID = 1a53913b19e666c0; cache size = 1.386 MB.
export_ip_user_files -of_objects [get_files C:/Users/AirCoder/Desktop/yinjian/add52/no6_yes/no6bug/no6bug/step_into_mips-lab_4/lab_4/lab_4/lab_4.srcs/sources_1/ip/inst_mem_1/inst_mem.xci] -no_script -sync -force -quiet
create_ip_run [get_files -of_objects [get_fileset sources_1] C:/Users/AirCoder/Desktop/yinjian/add52/no6_yes/no6bug/no6bug/step_into_mips-lab_4/lab_4/lab_4/lab_4.srcs/sources_1/ip/inst_mem_1/inst_mem.xci]
INFO: [Vivado 12-3453] The given sub-design is up-to-date, no action was taken.  If a run is still desired, use the '-force' option for the file:'C:/Users/AirCoder/Desktop/yinjian/add52/no6_yes/no6bug/no6bug/step_into_mips-lab_4/lab_4/lab_4/lab_4.srcs/sources_1/ip/inst_mem_1/inst_mem.xci'
export_simulation -of_objects [get_files C:/Users/AirCoder/Desktop/yinjian/add52/no6_yes/no6bug/no6bug/step_into_mips-lab_4/lab_4/lab_4/lab_4.srcs/sources_1/ip/inst_mem_1/inst_mem.xci] -directory C:/Users/AirCoder/Desktop/yinjian/add52/no6_yes/no6bug/no6bug/step_into_mips-lab_4/lab_4/lab_4/lab_4.ip_user_files/sim_scripts -ip_user_files_dir C:/Users/AirCoder/Desktop/yinjian/add52/no6_yes/no6bug/no6bug/step_into_mips-lab_4/lab_4/lab_4/lab_4.ip_user_files -ipstatic_source_dir C:/Users/AirCoder/Desktop/yinjian/add52/no6_yes/no6bug/no6bug/step_into_mips-lab_4/lab_4/lab_4/lab_4.ip_user_files/ipstatic -lib_map_path [list {modelsim=C:/Users/AirCoder/Desktop/yinjian/add52/no6_yes/no6bug/no6bug/step_into_mips-lab_4/lab_4/lab_4/lab_4.cache/compile_simlib/modelsim} {questa=C:/Users/AirCoder/Desktop/yinjian/add52/no6_yes/no6bug/no6bug/step_into_mips-lab_4/lab_4/lab_4/lab_4.cache/compile_simlib/questa} {riviera=C:/Users/AirCoder/Desktop/yinjian/add52/no6_yes/no6bug/no6bug/step_into_mips-lab_4/lab_4/lab_4/lab_4.cache/compile_simlib/riviera} {activehdl=C:/Users/AirCoder/Desktop/yinjian/add52/no6_yes/no6bug/no6bug/step_into_mips-lab_4/lab_4/lab_4/lab_4.cache/compile_simlib/activehdl}] -use_ip_compiled_libs -force -quiet
save_wave_config {C:/Users/AirCoder/Desktop/yinjian/add52/no6_yes/no6bug/no6bug/step_into_mips-lab_4/lab_4/lab_4/testbench_behav.wcfg}
close_sim
INFO: [Simtcl 6-16] Simulation closed
launch_simulation
Command: launch_simulation 
INFO: [Vivado 12-12493] Simulation top is 'testbench'
WARNING: [Vivado 12-12986] Compiled library path does not exist: ''
INFO: [Vivado 12-5698] Checking validity of IPs in the design for the 'XSim' simulator...
INFO: [Runs 36-567] Checking/generating simulation output products for IPs/BDs (if any)...
INFO: [Vivado 12-5682] Launching behavioral simulation in 'C:/Users/AirCoder/Desktop/yinjian/add52/no6_yes/no6bug/no6bug/step_into_mips-lab_4/lab_4/lab_4/lab_4.sim/sim_1/behav/xsim'
INFO: [Vivado 12-4795] Using compiled simulation libraries for IPs
INFO: [SIM-utils-51] Simulation object is 'sim_1'
INFO: [SIM-utils-72] Using boost library from 'D:/Xilinx/Vivado/2021.2/tps/boost_1_72_0'
INFO: [USF-XSim-7] Finding pre-compiled libraries...
INFO: [USF-XSim-11] File 'D:/Xilinx/Vivado/2021.2/data/xsim/xsim.ini' copied to run dir:'C:/Users/AirCoder/Desktop/yinjian/add52/no6_yes/no6bug/no6bug/step_into_mips-lab_4/lab_4/lab_4/lab_4.sim/sim_1/behav/xsim'
INFO: [SIM-utils-54] Inspecting design source files for 'testbench' in fileset 'sim_1'...
INFO: [SIM-utils-43] Exported 'C:/Users/AirCoder/Desktop/yinjian/add52/no6_yes/no6bug/no6bug/step_into_mips-lab_4/lab_4/lab_4/lab_4.sim/sim_1/behav/xsim/inst_mem.mif'
INFO: [SIM-utils-43] Exported 'C:/Users/AirCoder/Desktop/yinjian/add52/no6_yes/no6bug/no6bug/step_into_mips-lab_4/lab_4/lab_4/lab_4.sim/sim_1/behav/xsim/inst_ram.coe'
INFO: [SIM-utils-43] Exported 'C:/Users/AirCoder/Desktop/yinjian/add52/no6_yes/no6bug/no6bug/step_into_mips-lab_4/lab_4/lab_4/lab_4.sim/sim_1/behav/xsim/mipstest.coe'
INFO: [SIM-utils-43] Exported 'C:/Users/AirCoder/Desktop/yinjian/add52/no6_yes/no6bug/no6bug/step_into_mips-lab_4/lab_4/lab_4/lab_4.sim/sim_1/behav/xsim/inst_ram.coe'
INFO: [SIM-utils-43] Exported 'C:/Users/AirCoder/Desktop/yinjian/add52/no6_yes/no6bug/no6bug/step_into_mips-lab_4/lab_4/lab_4/lab_4.sim/sim_1/behav/xsim/inst_ram.coe'
INFO: [SIM-utils-43] Exported 'C:/Users/AirCoder/Desktop/yinjian/add52/no6_yes/no6bug/no6bug/step_into_mips-lab_4/lab_4/lab_4/lab_4.sim/sim_1/behav/xsim/inst_ram.coe'
INFO: [SIM-utils-43] Exported 'C:/Users/AirCoder/Desktop/yinjian/add52/no6_yes/no6bug/no6bug/step_into_mips-lab_4/lab_4/lab_4/lab_4.sim/sim_1/behav/xsim/inst_ram.coe'
INFO: [SIM-utils-43] Exported 'C:/Users/AirCoder/Desktop/yinjian/add52/no6_yes/no6bug/no6bug/step_into_mips-lab_4/lab_4/lab_4/lab_4.sim/sim_1/behav/xsim/inst_ram.coe'
INFO: [SIM-utils-43] Exported 'C:/Users/AirCoder/Desktop/yinjian/add52/no6_yes/no6bug/no6bug/step_into_mips-lab_4/lab_4/lab_4/lab_4.sim/sim_1/behav/xsim/inst_ram.coe'
INFO: [SIM-utils-43] Exported 'C:/Users/AirCoder/Desktop/yinjian/add52/no6_yes/no6bug/no6bug/step_into_mips-lab_4/lab_4/lab_4/lab_4.sim/sim_1/behav/xsim/inst_ram.coe'
INFO: [USF-XSim-97] Finding global include files...
INFO: [USF-XSim-98] Fetching design files from 'sim_1'...
INFO: [USF-XSim-2] XSim::Compile design
INFO: [USF-XSim-61] Executing 'COMPILE and ANALYZE' step in 'C:/Users/AirCoder/Desktop/yinjian/add52/no6_yes/no6bug/no6bug/step_into_mips-lab_4/lab_4/lab_4/lab_4.sim/sim_1/behav/xsim'
"xvlog --incr --relax -prj testbench_vlog.prj"
INFO: [VRFC 10-2263] Analyzing Verilog file "C:/Users/AirCoder/Desktop/yinjian/add52/no6_yes/no6bug/no6bug/step_into_mips-lab_4/lab_4/lab_4/lab_4.srcs/sources_1/ip/data_mem_1/sim/data_mem.v" into library xil_defaultlib
INFO: [VRFC 10-311] analyzing module data_mem
INFO: [VRFC 10-2263] Analyzing Verilog file "C:/Users/AirCoder/Desktop/yinjian/add52/no6_yes/no6bug/no6bug/step_into_mips-lab_4/lab_4/lab_4/lab_4.srcs/sources_1/ip/inst_mem_1/sim/inst_mem.v" into library xil_defaultlib
INFO: [VRFC 10-311] analyzing module inst_mem
INFO: [VRFC 10-2263] Analyzing Verilog file "C:/Users/AirCoder/Desktop/yinjian/add52/no6_yes/no6bug/no6bug/step_into_mips-lab_4/lab_4/rtl/adder.v" into library xil_defaultlib
INFO: [VRFC 10-311] analyzing module adder
INFO: [VRFC 10-2263] Analyzing Verilog file "C:/Users/AirCoder/Desktop/yinjian/add52/no6_yes/no6bug/no6bug/step_into_mips-lab_4/lab_4/rtl/alu.v" into library xil_defaultlib
INFO: [VRFC 10-311] analyzing module alu
INFO: [VRFC 10-2263] Analyzing Verilog file "C:/Users/AirCoder/Desktop/yinjian/add52/no6_yes/no6bug/no6bug/step_into_mips-lab_4/lab_4/rtl/aludec.v" into library xil_defaultlib
INFO: [VRFC 10-311] analyzing module aludec
INFO: [VRFC 10-2263] Analyzing Verilog file "C:/Users/AirCoder/Desktop/yinjian/add52/no6_yes/no6bug/no6bug/step_into_mips-lab_4/lab_4/rtl/controller.v" into library xil_defaultlib
INFO: [VRFC 10-311] analyzing module controller
WARNING: [VRFC 10-3676] redeclaration of ansi port 'jumpE' is not allowed [C:/Users/AirCoder/Desktop/yinjian/add52/no6_yes/no6bug/no6bug/step_into_mips-lab_4/lab_4/rtl/controller.v:76]
INFO: [VRFC 10-2263] Analyzing Verilog file "C:/Users/AirCoder/Desktop/yinjian/add52/no6_yes/no6bug/no6bug/step_into_mips-lab_4/lab_4/rtl/datapath.v" into library xil_defaultlib
INFO: [VRFC 10-311] analyzing module datapath
WARNING: [VRFC 10-3676] redeclaration of ansi port 'balE' is not allowed [C:/Users/AirCoder/Desktop/yinjian/add52/no6_yes/no6bug/no6bug/step_into_mips-lab_4/lab_4/rtl/datapath.v:108]
INFO: [VRFC 10-2263] Analyzing Verilog file "C:/Users/AirCoder/Desktop/yinjian/add52/no6_yes/no6bug/no6bug/step_into_mips-lab_4/lab_4/lab_4/lab_4.srcs/sources_1/new/div.v" into library xil_defaultlib
INFO: [VRFC 10-311] analyzing module div
INFO: [VRFC 10-2263] Analyzing Verilog file "C:/Users/AirCoder/Desktop/yinjian/add52/no6_yes/no6bug/no6bug/step_into_mips-lab_4/lab_4/rtl/eqcmp.v" into library xil_defaultlib
INFO: [VRFC 10-311] analyzing module eqcmp
INFO: [VRFC 10-2263] Analyzing Verilog file "C:/Users/AirCoder/Desktop/yinjian/add52/no6_yes/no6bug/no6bug/step_into_mips-lab_4/lab_4/rtl/flopenr.v" into library xil_defaultlib
INFO: [VRFC 10-311] analyzing module flopenr
INFO: [VRFC 10-2263] Analyzing Verilog file "C:/Users/AirCoder/Desktop/yinjian/add52/no6_yes/no6bug/no6bug/step_into_mips-lab_4/lab_4/rtl/flopenrc.v" into library xil_defaultlib
INFO: [VRFC 10-311] analyzing module flopenrc
INFO: [VRFC 10-2263] Analyzing Verilog file "C:/Users/AirCoder/Desktop/yinjian/add52/no6_yes/no6bug/no6bug/step_into_mips-lab_4/lab_4/rtl/flopr.v" into library xil_defaultlib
INFO: [VRFC 10-311] analyzing module flopr
INFO: [VRFC 10-2263] Analyzing Verilog file "C:/Users/AirCoder/Desktop/yinjian/add52/no6_yes/no6bug/no6bug/step_into_mips-lab_4/lab_4/rtl/floprc.v" into library xil_defaultlib
INFO: [VRFC 10-311] analyzing module floprc
INFO: [VRFC 10-2263] Analyzing Verilog file "C:/Users/AirCoder/Desktop/yinjian/add52/no6_yes/no6bug/no6bug/step_into_mips-lab_4/lab_4/rtl/hazard.v" into library xil_defaultlib
INFO: [VRFC 10-311] analyzing module hazard
INFO: [VRFC 10-2458] undeclared symbol branchflushM, assumed default net type wire [C:/Users/AirCoder/Desktop/yinjian/add52/no6_yes/no6bug/no6bug/step_into_mips-lab_4/lab_4/rtl/hazard.v:131]
INFO: [VRFC 10-2263] Analyzing Verilog file "C:/Users/AirCoder/Desktop/yinjian/add52/no6_yes/no6bug/no6bug/step_into_mips-lab_4/lab_4/lab_4/lab_4.srcs/sources_1/new/hilo_reg.v" into library xil_defaultlib
INFO: [VRFC 10-311] analyzing module hilo_reg
INFO: [VRFC 10-2263] Analyzing Verilog file "C:/Users/AirCoder/Desktop/yinjian/add52/no6_yes/no6bug/no6bug/step_into_mips-lab_4/lab_4/lab_4/lab_4.srcs/sources_1/new/lsmem.v" into library xil_defaultlib
INFO: [VRFC 10-311] analyzing module lsmem
INFO: [VRFC 10-2263] Analyzing Verilog file "C:/Users/AirCoder/Desktop/yinjian/add52/no6_yes/no6bug/no6bug/step_into_mips-lab_4/lab_4/rtl/maindec.v" into library xil_defaultlib
INFO: [VRFC 10-311] analyzing module maindec
INFO: [VRFC 10-2263] Analyzing Verilog file "C:/Users/AirCoder/Desktop/yinjian/add52/no6_yes/no6bug/no6bug/step_into_mips-lab_4/lab_4/rtl/mips.v" into library xil_defaultlib
INFO: [VRFC 10-311] analyzing module mips
INFO: [VRFC 10-2263] Analyzing Verilog file "C:/Users/AirCoder/Desktop/yinjian/add52/no6_yes/no6bug/no6bug/step_into_mips-lab_4/lab_4/rtl/mux2.v" into library xil_defaultlib
INFO: [VRFC 10-311] analyzing module mux2
INFO: [VRFC 10-2263] Analyzing Verilog file "C:/Users/AirCoder/Desktop/yinjian/add52/no6_yes/no6bug/no6bug/step_into_mips-lab_4/lab_4/rtl/mux3.v" into library xil_defaultlib
INFO: [VRFC 10-311] analyzing module mux3
INFO: [VRFC 10-2263] Analyzing Verilog file "C:/Users/AirCoder/Desktop/yinjian/add52/no6_yes/no6bug/no6bug/step_into_mips-lab_4/lab_4/lab_4/lab_4.srcs/sources_1/new/mux4.v" into library xil_defaultlib
INFO: [VRFC 10-311] analyzing module mux4
INFO: [VRFC 10-2263] Analyzing Verilog file "C:/Users/AirCoder/Desktop/yinjian/add52/no6_yes/no6bug/no6bug/step_into_mips-lab_4/lab_4/rtl/pc.v" into library xil_defaultlib
INFO: [VRFC 10-311] analyzing module pc
INFO: [VRFC 10-2263] Analyzing Verilog file "C:/Users/AirCoder/Desktop/yinjian/add52/no6_yes/no6bug/no6bug/step_into_mips-lab_4/lab_4/rtl/regfile.v" into library xil_defaultlib
INFO: [VRFC 10-311] analyzing module regfile
INFO: [VRFC 10-2263] Analyzing Verilog file "C:/Users/AirCoder/Desktop/yinjian/add52/no6_yes/no6bug/no6bug/step_into_mips-lab_4/lab_4/rtl/signext.v" into library xil_defaultlib
INFO: [VRFC 10-311] analyzing module signext
INFO: [VRFC 10-2263] Analyzing Verilog file "C:/Users/AirCoder/Desktop/yinjian/add52/no6_yes/no6bug/no6bug/step_into_mips-lab_4/lab_4/rtl/sl2.v" into library xil_defaultlib
INFO: [VRFC 10-311] analyzing module sl2
INFO: [VRFC 10-2263] Analyzing Verilog file "C:/Users/AirCoder/Desktop/yinjian/add52/no6_yes/no6bug/no6bug/step_into_mips-lab_4/lab_4/rtl/top.v" into library xil_defaultlib
INFO: [VRFC 10-311] analyzing module top
INFO: [VRFC 10-2263] Analyzing Verilog file "C:/Users/AirCoder/Desktop/yinjian/add52/no6_yes/no6bug/no6bug/step_into_mips-lab_4/lab_4/sim/testbench.v" into library xil_defaultlib
INFO: [VRFC 10-311] analyzing module testbench
run_program: Time (s): cpu = 00:00:00 ; elapsed = 00:00:05 . Memory (MB): peak = 1675.809 ; gain = 0.000
INFO: [USF-XSim-69] 'compile' step finished in '6' seconds
INFO: [USF-XSim-3] XSim::Elaborate design
INFO: [USF-XSim-61] Executing 'ELABORATE' step in 'C:/Users/AirCoder/Desktop/yinjian/add52/no6_yes/no6bug/no6bug/step_into_mips-lab_4/lab_4/lab_4/lab_4.sim/sim_1/behav/xsim'
"xelab --incr --debug typical --relax --mt 2 -L xil_defaultlib -L blk_mem_gen_v8_4_5 -L unisims_ver -L unimacro_ver -L secureip -L xpm --snapshot testbench_behav xil_defaultlib.testbench xil_defaultlib.glbl -log elaborate.log"
Vivado Simulator v2021.2
Copyright 1986-1999, 2001-2021 Xilinx, Inc. All Rights Reserved.
Running: D:/Xilinx/Vivado/2021.2/bin/unwrapped/win64.o/xelab.exe --incr --debug typical --relax --mt 2 -L xil_defaultlib -L blk_mem_gen_v8_4_5 -L unisims_ver -L unimacro_ver -L secureip -L xpm --snapshot testbench_behav xil_defaultlib.testbench xil_defaultlib.glbl -log elaborate.log 
Using 2 slave threads.
Starting static elaboration
Pass Through NonSizing Optimizer
Completed static elaboration
Starting simulation data flow analysis
Completed simulation data flow analysis
Time Resolution for simulation is 1ps
Compiling module xil_defaultlib.maindec
Compiling module xil_defaultlib.aludec
Compiling module xil_defaultlib.flopenrc(WIDTH=13)
Compiling module xil_defaultlib.flopenrc(WIDTH=7)
Compiling module xil_defaultlib.flopenrc(WIDTH=3)
Compiling module xil_defaultlib.flopr(WIDTH=2)
Compiling module xil_defaultlib.controller
Compiling module xil_defaultlib.hazard
Compiling module xil_defaultlib.mux2(WIDTH=32)
Compiling module xil_defaultlib.regfile
Compiling module xil_defaultlib.hilo_reg
Compiling module xil_defaultlib.pc(WIDTH=32)
Compiling module xil_defaultlib.adder
Compiling module xil_defaultlib.flopenr(WIDTH=32)
Compiling module xil_defaultlib.flopenrc(WIDTH=32)
Compiling module xil_defaultlib.eqcmp
Compiling module xil_defaultlib.signext
Compiling module xil_defaultlib.sl2
Compiling module xil_defaultlib.mux4(WIDTH=32)
Compiling module xil_defaultlib.flopenrc(WIDTH=10)
Compiling module xil_defaultlib.flopenrc(WIDTH=5)
Compiling module xil_defaultlib.floprc(WIDTH=6)
Compiling module xil_defaultlib.flopenrc(WIDTH=64)
Compiling module xil_defaultlib.flopenrc(WIDTH=2)
Compiling module xil_defaultlib.mux3(WIDTH=32)
Compiling module xil_defaultlib.alu
Compiling module xil_defaultlib.div
Compiling module xil_defaultlib.mux2(WIDTH=5)
Compiling module xil_defaultlib.flopr(WIDTH=32)
Compiling module xil_defaultlib.flopr(WIDTH=5)
Compiling module xil_defaultlib.floprc(WIDTH=64)
Compiling module xil_defaultlib.flopr(WIDTH=6)
Compiling module xil_defaultlib.floprc(WIDTH=2)
Compiling module xil_defaultlib.lsmem
Compiling module xil_defaultlib.flopr(WIDTH=64)
Compiling module xil_defaultlib.floprc(WIDTH=32)
Compiling module xil_defaultlib.datapath
Compiling module xil_defaultlib.mips
Compiling module blk_mem_gen_v8_4_5.blk_mem_gen_v8_4_5_output_stage(...
Compiling module blk_mem_gen_v8_4_5.blk_mem_gen_v8_4_5_softecc_outpu...
Compiling module blk_mem_gen_v8_4_5.blk_mem_gen_v8_4_5_mem_module(C_...
Compiling module blk_mem_gen_v8_4_5.blk_mem_gen_v8_4_5(C_FAMILY="art...
Compiling module xil_defaultlib.inst_mem
Compiling module blk_mem_gen_v8_4_5.blk_mem_gen_v8_4_5_mem_module(C_...
Compiling module blk_mem_gen_v8_4_5.blk_mem_gen_v8_4_5(C_FAMILY="art...
Compiling module xil_defaultlib.data_mem
Compiling module xil_defaultlib.top
Compiling module xil_defaultlib.testbench
Compiling module xil_defaultlib.glbl
Built simulation snapshot testbench_behav
run_program: Time (s): cpu = 00:00:00 ; elapsed = 00:00:09 . Memory (MB): peak = 1675.809 ; gain = 0.000
INFO: [USF-XSim-69] 'elaborate' step finished in '9' seconds
INFO: [USF-XSim-4] XSim::Simulate design
INFO: [USF-XSim-61] Executing 'SIMULATE' step in 'C:/Users/AirCoder/Desktop/yinjian/add52/no6_yes/no6bug/no6bug/step_into_mips-lab_4/lab_4/lab_4/lab_4.sim/sim_1/behav/xsim'
INFO: [USF-XSim-98] *** Running xsim
   with args "testbench_behav -key {Behavioral:sim_1:Functional:testbench} -tclbatch {testbench.tcl} -view {C:/Users/AirCoder/Desktop/yinjian/add52/no6_yes/no6bug/no6bug/step_into_mips-lab_4/lab_4/lab_4/testbench_behav.wcfg} -log {simulate.log}"
INFO: [USF-XSim-8] Loading simulator feature
Time resolution is 1 ps
open_wave_config C:/Users/AirCoder/Desktop/yinjian/add52/no6_yes/no6bug/no6bug/step_into_mips-lab_4/lab_4/lab_4/testbench_behav.wcfg
source testbench.tcl
# set curr_wave [current_wave_config]
# if { [string length $curr_wave] == 0 } {
#   if { [llength [get_objects]] > 0} {
#     add_wave /
#     set_property needs_save false [current_wave_config]
#   } else {
#      send_msg_id Add_Wave-1 WARNING "No top level signals found. Simulator will start without a wave window. If you want to open a wave window go to 'File->New Waveform Configuration' or type 'create_wave_config' in the TCL console."
#   }
# }
# run 1000ns
 Block Memory Generator module loading initial data...
 Block Memory Generator data initialization complete.
Block Memory Generator module testbench.dut.imem.inst.\native_mem_mapped_module.blk_mem_gen_v8_4_5_inst  is using a behavioral model for simulation which will not precisely model memory collision behavior.
 Block Memory Generator module loading initial data...
 Block Memory Generator data initialization complete.
Block Memory Generator module testbench.dut.dmem.inst.\native_mem_mapped_module.blk_mem_gen_v8_4_5_inst  is using a behavioral model for simulation which will not precisely model memory collision behavior.
INFO: [USF-XSim-96] XSim completed. Design snapshot 'testbench_behav' loaded.
INFO: [USF-XSim-97] XSim simulation ran for 1000ns
launch_simulation: Time (s): cpu = 00:00:03 ; elapsed = 00:00:18 . Memory (MB): peak = 1675.809 ; gain = 0.000
run 10 us
close_sim
INFO: [Simtcl 6-16] Simulation closed
exit
INFO: [Common 17-206] Exiting Vivado at Thu Jan  6 18:07:18 2022...
